<?xml version="1.0" encoding="UTF-8"?>
<!-- Generated by org.testng.reporters.JUnitReportReporter -->
<testsuite hostname="Administrators-Mac-mini.local" failures="0" tests="2" name="docker.Grid_docker3" time="38.533" errors="0" timestamp="25 May 2020 18:32:57 GMT" skipped="0">
  <testcase classname="docker.Grid_docker3" name="test11" time="16.553"/>
  <testcase classname="docker.Grid_docker3" name="test3" time="21.980"/>
</testsuite> <!-- docker.Grid_docker3 -->
