<?xml version="1.0" encoding="UTF-8"?>
<!-- Generated by org.testng.reporters.JUnitReportReporter -->
<testsuite hostname="Administrators-Mac-mini.local" failures="0" tests="1" name="Docker_selenium.Grid_docker" time="6.180" errors="1" timestamp="20 May 2020 18:34:47 GMT" skipped="0">
  <testcase classname="Docker_selenium.Grid_docker" name="test1" time="6.180">
    <error message="Unable to parse remote response: &lt;html&gt;&lt;head&gt;&lt;script src=&#039;/grid/resources/org/openqa/grid/images/jquery-3.1.1.min.js&#039;&gt;&lt;/script&gt;&lt;script src=&#039;/grid/resources/org/openqa/grid/images/consoleservlet.js&#039;&gt;&lt;/script&gt;&lt;link href=&#039;/grid/resources/org/openqa/grid/images/consoleservlet.css&#039; rel=&#039;stylesheet&#039; type=&#039;text/css&#039; /&gt;&lt;link href=&#039;/grid/resources/org/openqa/grid/images/favicon.ico&#039; rel=&#039;icon&#039; type=&#039;image/x-icon&#039; /&gt;&lt;title&gt;Grid Console&lt;/title&gt;&lt;style&gt;.busy { opacity : 0.4;filter: alpha(opacity=40);}&lt;/style&gt;&lt;/head&gt;&lt;body&gt;&lt;div id=&#039;main-content&#039;&gt;&lt;div id=&#039;header&#039;&gt;&lt;h1&gt;&lt;a href=&#039;/grid/console&#039;&gt;Selenium&lt;/a&gt;&lt;/h1&gt;&lt;h2&gt;Grid Console v.3.141.59&lt;/h2&gt;&lt;div&gt;&lt;a id=&#039;helplink&#039; target=&#039;_blank&#039; href=&#039;https://github.com/SeleniumHQ/selenium/wiki/Grid2&#039;&gt;Help&lt;/a&gt;&lt;/div&gt;&lt;/div&gt;&lt;div id=&#039;left-column&#039;&gt;&lt;div class=&#039;proxy&#039;&gt;&lt;p class=&#039;proxyname&#039;&gt;DefaultRemoteProxy (version : 3.141.59)&lt;p class=&#039;proxyid&#039;&gt;id : http://172.18.0.3:5555, OS : LINUX&lt;/p&gt;&lt;div class=&#039;tabs&#039;&gt;&lt;ul&gt;&lt;li class=&#039;tab&#039; type=&#039;browsers&#039;&gt;&lt;a title=&#039;test slots&#039; href=&#039;#&#039;&gt;Browsers&lt;/a&gt;&lt;/li&gt;&lt;li class=&#039;tab&#039; type=&#039;config&#039;&gt;&lt;a title=&#039;node configuration&#039; href=&#039;#&#039;&gt;Configuration&lt;/a&gt;&lt;/li&gt;&lt;/ul&gt;&lt;/div&gt;&lt;div class=&#039;content&#039;&gt;&lt;div type=&#039;browsers&#039; class=&#039;content_detail&#039;&gt;&lt;p class=&#039;protocol&#039; &gt;WebDriver&lt;/p&gt;&lt;p&gt;v:68.0.3618.104&lt;img src=&#039;/grid/resources/org/openqa/grid/images/opera.png&#039; width=&#039;16&#039; height=&#039;16&#039; title=&#039;{server:CONFIG_UUID=cc817f62-08d5-459e-99fd-9bae26cc9d63, seleniumProtocol=WebDriver, browserName=operablink, maxInstances=1, platformName=LINUX, version=68.0.3618.104, applicationName=, platform=LINUX}&#039; /&gt;
&lt;/p&gt;&lt;/div&gt;&lt;div type=&#039;config&#039; class=&#039;content_detail&#039;&gt;&lt;p&gt;browserTimeout: 0&lt;/p&gt;&lt;p&gt;debug: false&lt;/p&gt;&lt;p&gt;jettyMaxThreads: -1&lt;/p&gt;&lt;p&gt;host: 172.18.0.3&lt;/p&gt;&lt;p&gt;port: 5555&lt;/p&gt;&lt;p&gt;role: node&lt;/p&gt;&lt;p&gt;timeout: 1800&lt;/p&gt;&lt;p&gt;cleanUpCycle: 5000&lt;/p&gt;&lt;p&gt;maxSession: 1&lt;/p&gt;&lt;p&gt;capabilities: Capabilities {applicationName: , browserName: operablink, maxInstances: 1, platform: LINUX, platformName: LINUX, seleniumProtocol: WebDriver, server:CONFIG_UUID: cc817f62-08d5-459e-99fd-9ba..., version: 68.0.3618.104}&lt;/p&gt;&lt;p&gt;downPollingLimit: 2&lt;/p&gt;&lt;p&gt;hub: http://selenium-hub:4444/grid/register&lt;/p&gt;&lt;p&gt;id: http://172.18.0.3:5555&lt;/p&gt;&lt;p&gt;nodePolling: 5000&lt;/p&gt;&lt;p&gt;nodeStatusCheckTimeout: 5000&lt;/p&gt;&lt;p&gt;proxy: org.openqa.grid.selenium.proxy.DefaultRemoteProxy&lt;/p&gt;&lt;p&gt;register: true&lt;/p&gt;&lt;p&gt;registerCycle: 5000&lt;/p&gt;&lt;p&gt;remoteHost: http://172.18.0.3:5555&lt;/p&gt;&lt;p&gt;unregisterIfStillDownAfter: 60000&lt;/p&gt;&lt;/div&gt;&lt;/div&gt;&lt;/div&gt;&lt;div class=&#039;proxy&#039;&gt;&lt;p class=&#039;proxyname&#039;&gt;DefaultRemoteProxy (version : 3.141.59)&lt;p class=&#039;proxyid&#039;&gt;id : http://172.18.0.5:5555, OS : LINUX&lt;/p&gt;&lt;div class=&#039;tabs&#039;&gt;&lt;ul&gt;&lt;li class=&#039;tab&#039; type=&#039;browsers&#039;&gt;&lt;a title=&#039;test slots&#039; href=&#039;#&#039;&gt;Browsers&lt;/a&gt;&lt;/li&gt;&lt;li class=&#039;tab&#039; type=&#039;config&#039;&gt;&lt;a title=&#039;node configuration&#039; href=&#039;#&#039;&gt;Configuration&lt;/a&gt;&lt;/li&gt;&lt;/ul&gt;&lt;/div&gt;&lt;div class=&#039;content&#039;&gt;&lt;div type=&#039;browsers&#039; class=&#039;content_detail&#039;&gt;&lt;p class=&#039;protocol&#039; &gt;WebDriver&lt;/p&gt;&lt;p&gt;v:81.0.4044.138&lt;img src=&#039;/grid/resources/org/openqa/grid/images/chrome.png&#039; width=&#039;16&#039; height=&#039;16&#039; title=&#039;{server:CONFIG_UUID=c608b377-2135-40bf-a23f-bacf23bfc692, seleniumProtocol=WebDriver, browserName=chrome, maxInstances=1, platformName=LINUX, version=81.0.4044.138, applicationName=, platform=LINUX}&#039; /&gt;
&lt;/p&gt;&lt;/div&gt;&lt;div type=&#039;config&#039; class=&#039;content_detail&#039;&gt;&lt;p&gt;browserTimeout: 0&lt;/p&gt;&lt;p&gt;debug: false&lt;/p&gt;&lt;p&gt;jettyMaxThreads: -1&lt;/p&gt;&lt;p&gt;host: 172.18.0.5&lt;/p&gt;&lt;p&gt;port: 5555&lt;/p&gt;&lt;p&gt;role: node&lt;/p&gt;&lt;p&gt;timeout: 1800&lt;/p&gt;&lt;p&gt;cleanUpCycle: 5000&lt;/p&gt;&lt;p&gt;maxSession: 1&lt;/p&gt;&lt;p&gt;capabilities: Capabilities {applicationName: , browserName: chrome, maxInstances: 1, platform: LINUX, platformName: LINUX, seleniumProtocol: WebDriver, server:CONFIG_UUID: c608b377-2135-40bf-a23f-bac..., version: 81.0.4044.138}&lt;/p&gt;&lt;p&gt;downPollingLimit: 2&lt;/p&gt;&lt;p&gt;hub: http://selenium-hub:4444/grid/register&lt;/p&gt;&lt;p&gt;id: http://172.18.0.5:5555&lt;/p&gt;&lt;p&gt;nodePolling: 5000&lt;/p&gt;&lt;p&gt;nodeStatusCheckTimeout: 5000&lt;/p&gt;&lt;p&gt;proxy: org.openqa.grid.selenium.proxy.DefaultRemoteProxy&lt;/p&gt;&lt;p&gt;register: true&lt;/p&gt;&lt;p&gt;registerCycle: 5000&lt;/p&gt;&lt;p&gt;remoteHost: http://172.18.0.5:5555&lt;/p&gt;&lt;p&gt;unregisterIfStillDownAfter: 60000&lt;/p&gt;&lt;/div&gt;&lt;/div&gt;&lt;/div&gt;&lt;div class=&#039;proxy&#039;&gt;&lt;p class=&#039;proxyname&#039;&gt;DefaultRemoteProxy (version : 3.141.59)&lt;p class=&#039;proxyid&#039;&gt;id : http://172.18.0.4:5555, OS : LINUX&lt;/p&gt;&lt;div class=&#039;tabs&#039;&gt;&lt;ul&gt;&lt;li class=&#039;tab&#039; type=&#039;browsers&#039;&gt;&lt;a title=&#039;test slots&#039; href=&#039;#&#039;&gt;Browsers&lt;/a&gt;&lt;/li&gt;&lt;li class=&#039;tab&#039; type=&#039;config&#039;&gt;&lt;a title=&#039;node configuration&#039; href=&#039;#&#039;&gt;Configuration&lt;/a&gt;&lt;/li&gt;&lt;/ul&gt;&lt;/div&gt;&lt;div class=&#039;content&#039;&gt;&lt;div type=&#039;browsers&#039; class=&#039;content_detail&#039;&gt;&lt;p class=&#039;protocol&#039; &gt;WebDriver&lt;/p&gt;&lt;p&gt;v:76.0.1&lt;img src=&#039;/grid/resources/org/openqa/grid/images/firefox.png&#039; width=&#039;16&#039; height=&#039;16&#039; title=&#039;{server:CONFIG_UUID=6365e999-ed0b-40ea-9a4a-2d1cac1207a6, seleniumProtocol=WebDriver, browserName=firefox, maxInstances=1, moz:firefoxOptions={log={level=info}}, platformName=LINUX, version=76.0.1, applicationName=, platform=LINUX}&#039; /&gt;
&lt;/p&gt;&lt;/div&gt;&lt;div type=&#039;config&#039; class=&#039;content_detail&#039;&gt;&lt;p&gt;browserTimeout: 0&lt;/p&gt;&lt;p&gt;debug: false&lt;/p&gt;&lt;p&gt;jettyMaxThreads: -1&lt;/p&gt;&lt;p&gt;host: 172.18.0.4&lt;/p&gt;&lt;p&gt;port: 5555&lt;/p&gt;&lt;p&gt;role: node&lt;/p&gt;&lt;p&gt;timeout: 1800&lt;/p&gt;&lt;p&gt;cleanUpCycle: 5000&lt;/p&gt;&lt;p&gt;maxSession: 1&lt;/p&gt;&lt;p&gt;capabilities: Capabilities {applicationName: , browserName: firefox, maxInstances: 1, moz:firefoxOptions: {log: {level: info}}, platform: LINUX, platformName: LINUX, seleniumProtocol: WebDriver, server:CONFIG_UUID: 6365e999-ed0b-40ea-9a4a-2d1..., version: 76.0.1}&lt;/p&gt;&lt;p&gt;downPollingLimit: 2&lt;/p&gt;&lt;p&gt;hub: http://selenium-hub:4444/grid/register&lt;/p&gt;&lt;p&gt;id: http://172.18.0.4:5555&lt;/p&gt;&lt;p&gt;nodePolling: 5000&lt;/p&gt;&lt;p&gt;nodeStatusCheckTimeout: 5000&lt;/p&gt;&lt;p&gt;proxy: org.openqa.grid.selenium.proxy.DefaultRemoteProxy&lt;/p&gt;&lt;p&gt;register: true&lt;/p&gt;&lt;p&gt;registerCycle: 5000&lt;/p&gt;&lt;p&gt;remoteHost: http://172.18.0.4:5555&lt;/p&gt;&lt;p&gt;unregisterIfStillDownAfter: 60000&lt;/p&gt;&lt;/div&gt;&lt;/div&gt;&lt;/div&gt;&lt;/div&gt;&lt;div id=&#039;right-column&#039;&gt;&lt;div class=&#039;proxy&#039;&gt;&lt;p class=&#039;proxyname&#039;&gt;DefaultRemoteProxy (version : 3.141.59)&lt;p class=&#039;proxyid&#039;&gt;id : http://172.18.0.6:5555, OS : LINUX&lt;/p&gt;&lt;div class=&#039;tabs&#039;&gt;&lt;ul&gt;&lt;li class=&#039;tab&#039; type=&#039;browsers&#039;&gt;&lt;a title=&#039;test slots&#039; href=&#039;#&#039;&gt;Browsers&lt;/a&gt;&lt;/li&gt;&lt;li class=&#039;tab&#039; type=&#039;config&#039;&gt;&lt;a title=&#039;node configuration&#039; href=&#039;#&#039;&gt;Configuration&lt;/a&gt;&lt;/li&gt;&lt;/ul&gt;&lt;/div&gt;&lt;div class=&#039;content&#039;&gt;&lt;div type=&#039;browsers&#039; class=&#039;content_detail&#039;&gt;&lt;p class=&#039;protocol&#039; &gt;WebDriver&lt;/p&gt;&lt;p&gt;v:81.0.4044.138&lt;img src=&#039;/grid/resources/org/openqa/grid/images/chrome.png&#039; width=&#039;16&#039; height=&#039;16&#039; title=&#039;{server:CONFIG_UUID=9d4791e5-f853-457a-8f99-1b8a8f8cd183, seleniumProtocol=WebDriver, browserName=chrome, maxInstances=1, platformName=LINUX, version=81.0.4044.138, applicationName=, platform=LINUX}&#039; /&gt;
&lt;/p&gt;&lt;/div&gt;&lt;div type=&#039;config&#039; class=&#039;content_detail&#039;&gt;&lt;p&gt;browserTimeout: 0&lt;/p&gt;&lt;p&gt;debug: false&lt;/p&gt;&lt;p&gt;jettyMaxThreads: -1&lt;/p&gt;&lt;p&gt;host: 172.18.0.6&lt;/p&gt;&lt;p&gt;port: 5555&lt;/p&gt;&lt;p&gt;role: node&lt;/p&gt;&lt;p&gt;timeout: 1800&lt;/p&gt;&lt;p&gt;cleanUpCycle: 5000&lt;/p&gt;&lt;p&gt;maxSession: 1&lt;/p&gt;&lt;p&gt;capabilities: Capabilities {applicationName: , browserName: chrome, maxInstances: 1, platform: LINUX, platformName: LINUX, seleniumProtocol: WebDriver, server:CONFIG_UUID: 9d4791e5-f853-457a-8f99-1b8..., version: 81.0.4044.138}&lt;/p&gt;&lt;p&gt;downPollingLimit: 2&lt;/p&gt;&lt;p&gt;hub: http://selenium-hub:4444/grid/register&lt;/p&gt;&lt;p&gt;id: http://172.18.0.6:5555&lt;/p&gt;&lt;p&gt;nodePolling: 5000&lt;/p&gt;&lt;p&gt;nodeStatusCheckTimeout: 5000&lt;/p&gt;&lt;p&gt;proxy: org.openqa.grid.selenium.proxy.DefaultRemoteProxy&lt;/p&gt;&lt;p&gt;register: true&lt;/p&gt;&lt;p&gt;registerCycle: 5000&lt;/p&gt;&lt;p&gt;remoteHost: http://172.18.0.6:5555&lt;/p&gt;&lt;p&gt;unregisterIfStillDownAfter: 60000&lt;/p&gt;&lt;/div&gt;&lt;/div&gt;&lt;/div&gt;&lt;div class=&#039;proxy&#039;&gt;&lt;p class=&#039;proxyname&#039;&gt;DefaultRemoteProxy (version : 3.141.59)&lt;p class=&#039;proxyid&#039;&gt;id : http://172.18.0.7:5555, OS : LINUX&lt;/p&gt;&lt;div class=&#039;tabs&#039;&gt;&lt;ul&gt;&lt;li class=&#039;tab&#039; type=&#039;browsers&#039;&gt;&lt;a title=&#039;test slots&#039; href=&#039;#&#039;&gt;Browsers&lt;/a&gt;&lt;/li&gt;&lt;li class=&#039;tab&#039; type=&#039;config&#039;&gt;&lt;a title=&#039;node configuration&#039; href=&#039;#&#039;&gt;Configuration&lt;/a&gt;&lt;/li&gt;&lt;/ul&gt;&lt;/div&gt;&lt;div class=&#039;content&#039;&gt;&lt;div type=&#039;browsers&#039; class=&#039;content_detail&#039;&gt;&lt;p class=&#039;protocol&#039; &gt;WebDriver&lt;/p&gt;&lt;p&gt;v:81.0.4044.138&lt;img src=&#039;/grid/resources/org/openqa/grid/images/chrome.png&#039; width=&#039;16&#039; height=&#039;16&#039; title=&#039;{server:CONFIG_UUID=abfa5f5a-1391-4555-93bf-eba89f9d9e67, seleniumProtocol=WebDriver, browserName=chrome, maxInstances=1, platformName=LINUX, version=81.0.4044.138, applicationName=, platform=LINUX}&#039; /&gt;
&lt;/p&gt;&lt;/div&gt;&lt;div type=&#039;config&#039; class=&#039;content_detail&#039;&gt;&lt;p&gt;browserTimeout: 0&lt;/p&gt;&lt;p&gt;debug: false&lt;/p&gt;&lt;p&gt;jettyMaxThreads: -1&lt;/p&gt;&lt;p&gt;host: 172.18.0.7&lt;/p&gt;&lt;p&gt;port: 5555&lt;/p&gt;&lt;p&gt;role: node&lt;/p&gt;&lt;p&gt;timeout: 1800&lt;/p&gt;&lt;p&gt;cleanUpCycle: 5000&lt;/p&gt;&lt;p&gt;maxSession: 1&lt;/p&gt;&lt;p&gt;capabilities: Capabilities {applicationName: , browserName: chrome, maxInstances: 1, platform: LINUX, platformName: LINUX, seleniumProtocol: WebDriver, server:CONFIG_UUID: abfa5f5a-1391-4555-93bf-eba..., version: 81.0.4044.138}&lt;/p&gt;&lt;p&gt;downPollingLimit: 2&lt;/p&gt;&lt;p&gt;hub: http://selenium-hub:4444/grid/register&lt;/p&gt;&lt;p&gt;id: http://172.18.0.7:5555&lt;/p&gt;&lt;p&gt;nodePolling: 5000&lt;/p&gt;&lt;p&gt;nodeStatusCheckTimeout: 5000&lt;/p&gt;&lt;p&gt;proxy: org.openqa.grid.selenium.proxy.DefaultRemoteProxy&lt;/p&gt;&lt;p&gt;register: true&lt;/p&gt;&lt;p&gt;registerCycle: 5000&lt;/p&gt;&lt;p&gt;remoteHost: http://172.18.0.7:5555&lt;/p&gt;&lt;p&gt;unregisterIfStillDownAfter: 60000&lt;/p&gt;&lt;/div&gt;&lt;/div&gt;&lt;/div&gt;&lt;/div&gt;&lt;div class=&#039;clearfix&#039;&gt;&lt;/div&gt;&lt;div&gt;&lt;ul&gt;&lt;/ul&gt;&lt;/div&gt;&lt;div id=&#039;hub-config-container&#039;&gt;&lt;div id=&#039;hub-config-content&#039;&gt;&lt;b&gt;Config for the hub :&lt;/b&gt;&lt;br/&gt;&lt;abbr title=&#039;browserTimeout&#039;&gt;browserTimeout : &lt;/abbr&gt;0&lt;/br&gt;&lt;abbr title=&#039;debug&#039;&gt;debug : &lt;/abbr&gt;false&lt;/br&gt;&lt;abbr title=&#039;jettyMaxThreads&#039;&gt;jettyMaxThreads : &lt;/abbr&gt;-1&lt;/br&gt;&lt;abbr title=&#039;host&#039;&gt;host : &lt;/abbr&gt;172.18.0.2&lt;/br&gt;&lt;abbr title=&#039;port&#039;&gt;port : &lt;/abbr&gt;4444&lt;/br&gt;&lt;abbr title=&#039;role&#039;&gt;role : &lt;/abbr&gt;hub&lt;/br&gt;&lt;abbr title=&#039;timeout&#039;&gt;timeout : &lt;/abbr&gt;1800&lt;/br&gt;&lt;abbr title=&#039;cleanUpCycle&#039;&gt;cleanUpCycle : &lt;/abbr&gt;5000&lt;/br&gt;&lt;abbr title=&#039;capabilityMatcher&#039;&gt;capabilityMatcher : &lt;/abbr&gt;org.openqa.grid.internal.utils.DefaultCapabilityMatcher&lt;/br&gt;&lt;abbr title=&#039;newSessionWaitTimeout&#039;&gt;newSessionWaitTimeout : &lt;/abbr&gt;-1&lt;/br&gt;&lt;abbr title=&#039;throwOnCapabilityNotPresent&#039;&gt;throwOnCapabilityNotPresent : &lt;/abbr&gt;true&lt;/br&gt;&lt;abbr title=&#039;registry&#039;&gt;registry : &lt;/abbr&gt;org.openqa.grid.internal.DefaultGridRegistry&lt;/br&gt;&lt;div id=&#039;verbose-config-container&#039;&gt;&lt;a id=&#039;verbose-config-view-toggle&#039; href=&#039;#&#039;&gt;View Verbose&lt;/a&gt;&lt;div id=&#039;verbose-config-content&#039;&gt;&lt;br/&gt;&lt;b&gt;The final configuration comes from:&lt;/b&gt;&lt;br/&gt;&lt;b&gt;the default :&lt;/b&gt;&lt;br/&gt;&lt;abbr title=&#039;browserTimeout&#039;&gt;browserTimeout : &lt;/abbr&gt;0&lt;/br&gt;&lt;abbr title=&#039;debug&#039;&gt;debug : &lt;/abbr&gt;false&lt;/br&gt;&lt;abbr title=&#039;host&#039;&gt;host : &lt;/abbr&gt;0.0.0.0&lt;/br&gt;&lt;abbr title=&#039;port&#039;&gt;port : &lt;/abbr&gt;4444&lt;/br&gt;&lt;abbr title=&#039;role&#039;&gt;role : &lt;/abbr&gt;hub&lt;/br&gt;&lt;abbr title=&#039;timeout&#039;&gt;timeout : &lt;/abbr&gt;1800&lt;/br&gt;&lt;abbr title=&#039;cleanUpCycle&#039;&gt;cleanUpCycle : &lt;/abbr&gt;5000&lt;/br&gt;&lt;abbr title=&#039;capabilityMatcher&#039;&gt;capabilityMatcher : &lt;/abbr&gt;org.openqa.grid.internal.utils.DefaultCapabilityMatcher&lt;/br&gt;&lt;abbr title=&#039;newSessionWaitTimeout&#039;&gt;newSessionWaitTimeout : &lt;/abbr&gt;-1&lt;/br&gt;&lt;abbr title=&#039;throwOnCapabilityNotPresent&#039;&gt;throwOnCapabilityNotPresent : &lt;/abbr&gt;true&lt;/br&gt;&lt;abbr title=&#039;registry&#039;&gt;registry : &lt;/abbr&gt;org.openqa.grid.internal.DefaultGridRegistry&lt;/br&gt;&lt;b&gt;updated with command line options:&lt;/b&gt;&lt;br/&gt;-role hub -hubConfig /opt/selenium/config.json&lt;br/&gt;&lt;b&gt;and configuration loaded from /opt/selenium/config.json:&lt;/b&gt;&lt;br/&gt;{&lt;br/&gt;  &quot;host&quot;: &quot;0.0.0.0&quot;,&lt;br/&gt;  &quot;port&quot;: 4444,&lt;br/&gt;  &quot;role&quot;: &quot;hub&quot;,&lt;br/&gt;  &quot;maxSession&quot;: 5,&lt;br/&gt;  &quot;newSessionWaitTimeout&quot;: -1,&lt;br/&gt;  &quot;capabilityMatcher&quot;: &quot;org.openqa.grid.internal.utils.DefaultCapabilityMatcher&quot;,&lt;br/&gt;  &quot;throwOnCapabilityNotPresent&quot;: true,&lt;br/&gt;  &quot;jettyMaxThreads&quot;: -1,&lt;br/&gt;  &quot;cleanUpCycle&quot;: 5000,&lt;br/&gt;  &quot;browserTimeout&quot;: 0,&lt;br/&gt;  &quot;timeout&quot;: 1800,&lt;br/&gt;  &quot;debug&quot;: false&lt;br/&gt;}&lt;/div&gt;&lt;/div&gt;&lt;/div&gt;&lt;a id=&#039;config-view-toggle&#039; href=&#039;#&#039;&gt;View Config&lt;/a&gt;&lt;/div&gt;&lt;/div&gt;&lt;/body&gt;&lt;/html&gt;" type="org.openqa.selenium.WebDriverException">
      <![CDATA[org.openqa.selenium.WebDriverException: Unable to parse remote response: <html><head><script src='/grid/resources/org/openqa/grid/images/jquery-3.1.1.min.js'></script><script src='/grid/resources/org/openqa/grid/images/consoleservlet.js'></script><link href='/grid/resources/org/openqa/grid/images/consoleservlet.css' rel='stylesheet' type='text/css' /><link href='/grid/resources/org/openqa/grid/images/favicon.ico' rel='icon' type='image/x-icon' /><title>Grid Console</title><style>.busy { opacity : 0.4;filter: alpha(opacity=40);}</style></head><body><div id='main-content'><div id='header'><h1><a href='/grid/console'>Selenium</a></h1><h2>Grid Console v.3.141.59</h2><div><a id='helplink' target='_blank' href='https://github.com/SeleniumHQ/selenium/wiki/Grid2'>Help</a></div></div><div id='left-column'><div class='proxy'><p class='proxyname'>DefaultRemoteProxy (version : 3.141.59)<p class='proxyid'>id : http://172.18.0.3:5555, OS : LINUX</p><div class='tabs'><ul><li class='tab' type='browsers'><a title='test slots' href='#'>Browsers</a></li><li class='tab' type='config'><a title='node configuration' href='#'>Configuration</a></li></ul></div><div class='content'><div type='browsers' class='content_detail'><p class='protocol' >WebDriver</p><p>v:68.0.3618.104<img src='/grid/resources/org/openqa/grid/images/opera.png' width='16' height='16' title='{server:CONFIG_UUID=cc817f62-08d5-459e-99fd-9bae26cc9d63, seleniumProtocol=WebDriver, browserName=operablink, maxInstances=1, platformName=LINUX, version=68.0.3618.104, applicationName=, platform=LINUX}' />
</p></div><div type='config' class='content_detail'><p>browserTimeout: 0</p><p>debug: false</p><p>jettyMaxThreads: -1</p><p>host: 172.18.0.3</p><p>port: 5555</p><p>role: node</p><p>timeout: 1800</p><p>cleanUpCycle: 5000</p><p>maxSession: 1</p><p>capabilities: Capabilities {applicationName: , browserName: operablink, maxInstances: 1, platform: LINUX, platformName: LINUX, seleniumProtocol: WebDriver, server:CONFIG_UUID: cc817f62-08d5-459e-99fd-9ba..., version: 68.0.3618.104}</p><p>downPollingLimit: 2</p><p>hub: http://selenium-hub:4444/grid/register</p><p>id: http://172.18.0.3:5555</p><p>nodePolling: 5000</p><p>nodeStatusCheckTimeout: 5000</p><p>proxy: org.openqa.grid.selenium.proxy.DefaultRemoteProxy</p><p>register: true</p><p>registerCycle: 5000</p><p>remoteHost: http://172.18.0.3:5555</p><p>unregisterIfStillDownAfter: 60000</p></div></div></div><div class='proxy'><p class='proxyname'>DefaultRemoteProxy (version : 3.141.59)<p class='proxyid'>id : http://172.18.0.5:5555, OS : LINUX</p><div class='tabs'><ul><li class='tab' type='browsers'><a title='test slots' href='#'>Browsers</a></li><li class='tab' type='config'><a title='node configuration' href='#'>Configuration</a></li></ul></div><div class='content'><div type='browsers' class='content_detail'><p class='protocol' >WebDriver</p><p>v:81.0.4044.138<img src='/grid/resources/org/openqa/grid/images/chrome.png' width='16' height='16' title='{server:CONFIG_UUID=c608b377-2135-40bf-a23f-bacf23bfc692, seleniumProtocol=WebDriver, browserName=chrome, maxInstances=1, platformName=LINUX, version=81.0.4044.138, applicationName=, platform=LINUX}' />
</p></div><div type='config' class='content_detail'><p>browserTimeout: 0</p><p>debug: false</p><p>jettyMaxThreads: -1</p><p>host: 172.18.0.5</p><p>port: 5555</p><p>role: node</p><p>timeout: 1800</p><p>cleanUpCycle: 5000</p><p>maxSession: 1</p><p>capabilities: Capabilities {applicationName: , browserName: chrome, maxInstances: 1, platform: LINUX, platformName: LINUX, seleniumProtocol: WebDriver, server:CONFIG_UUID: c608b377-2135-40bf-a23f-bac..., version: 81.0.4044.138}</p><p>downPollingLimit: 2</p><p>hub: http://selenium-hub:4444/grid/register</p><p>id: http://172.18.0.5:5555</p><p>nodePolling: 5000</p><p>nodeStatusCheckTimeout: 5000</p><p>proxy: org.openqa.grid.selenium.proxy.DefaultRemoteProxy</p><p>register: true</p><p>registerCycle: 5000</p><p>remoteHost: http://172.18.0.5:5555</p><p>unregisterIfStillDownAfter: 60000</p></div></div></div><div class='proxy'><p class='proxyname'>DefaultRemoteProxy (version : 3.141.59)<p class='proxyid'>id : http://172.18.0.4:5555, OS : LINUX</p><div class='tabs'><ul><li class='tab' type='browsers'><a title='test slots' href='#'>Browsers</a></li><li class='tab' type='config'><a title='node configuration' href='#'>Configuration</a></li></ul></div><div class='content'><div type='browsers' class='content_detail'><p class='protocol' >WebDriver</p><p>v:76.0.1<img src='/grid/resources/org/openqa/grid/images/firefox.png' width='16' height='16' title='{server:CONFIG_UUID=6365e999-ed0b-40ea-9a4a-2d1cac1207a6, seleniumProtocol=WebDriver, browserName=firefox, maxInstances=1, moz:firefoxOptions={log={level=info}}, platformName=LINUX, version=76.0.1, applicationName=, platform=LINUX}' />
</p></div><div type='config' class='content_detail'><p>browserTimeout: 0</p><p>debug: false</p><p>jettyMaxThreads: -1</p><p>host: 172.18.0.4</p><p>port: 5555</p><p>role: node</p><p>timeout: 1800</p><p>cleanUpCycle: 5000</p><p>maxSession: 1</p><p>capabilities: Capabilities {applicationName: , browserName: firefox, maxInstances: 1, moz:firefoxOptions: {log: {level: info}}, platform: LINUX, platformName: LINUX, seleniumProtocol: WebDriver, server:CONFIG_UUID: 6365e999-ed0b-40ea-9a4a-2d1..., version: 76.0.1}</p><p>downPollingLimit: 2</p><p>hub: http://selenium-hub:4444/grid/register</p><p>id: http://172.18.0.4:5555</p><p>nodePolling: 5000</p><p>nodeStatusCheckTimeout: 5000</p><p>proxy: org.openqa.grid.selenium.proxy.DefaultRemoteProxy</p><p>register: true</p><p>registerCycle: 5000</p><p>remoteHost: http://172.18.0.4:5555</p><p>unregisterIfStillDownAfter: 60000</p></div></div></div></div><div id='right-column'><div class='proxy'><p class='proxyname'>DefaultRemoteProxy (version : 3.141.59)<p class='proxyid'>id : http://172.18.0.6:5555, OS : LINUX</p><div class='tabs'><ul><li class='tab' type='browsers'><a title='test slots' href='#'>Browsers</a></li><li class='tab' type='config'><a title='node configuration' href='#'>Configuration</a></li></ul></div><div class='content'><div type='browsers' class='content_detail'><p class='protocol' >WebDriver</p><p>v:81.0.4044.138<img src='/grid/resources/org/openqa/grid/images/chrome.png' width='16' height='16' title='{server:CONFIG_UUID=9d4791e5-f853-457a-8f99-1b8a8f8cd183, seleniumProtocol=WebDriver, browserName=chrome, maxInstances=1, platformName=LINUX, version=81.0.4044.138, applicationName=, platform=LINUX}' />
</p></div><div type='config' class='content_detail'><p>browserTimeout: 0</p><p>debug: false</p><p>jettyMaxThreads: -1</p><p>host: 172.18.0.6</p><p>port: 5555</p><p>role: node</p><p>timeout: 1800</p><p>cleanUpCycle: 5000</p><p>maxSession: 1</p><p>capabilities: Capabilities {applicationName: , browserName: chrome, maxInstances: 1, platform: LINUX, platformName: LINUX, seleniumProtocol: WebDriver, server:CONFIG_UUID: 9d4791e5-f853-457a-8f99-1b8..., version: 81.0.4044.138}</p><p>downPollingLimit: 2</p><p>hub: http://selenium-hub:4444/grid/register</p><p>id: http://172.18.0.6:5555</p><p>nodePolling: 5000</p><p>nodeStatusCheckTimeout: 5000</p><p>proxy: org.openqa.grid.selenium.proxy.DefaultRemoteProxy</p><p>register: true</p><p>registerCycle: 5000</p><p>remoteHost: http://172.18.0.6:5555</p><p>unregisterIfStillDownAfter: 60000</p></div></div></div><div class='proxy'><p class='proxyname'>DefaultRemoteProxy (version : 3.141.59)<p class='proxyid'>id : http://172.18.0.7:5555, OS : LINUX</p><div class='tabs'><ul><li class='tab' type='browsers'><a title='test slots' href='#'>Browsers</a></li><li class='tab' type='config'><a title='node configuration' href='#'>Configuration</a></li></ul></div><div class='content'><div type='browsers' class='content_detail'><p class='protocol' >WebDriver</p><p>v:81.0.4044.138<img src='/grid/resources/org/openqa/grid/images/chrome.png' width='16' height='16' title='{server:CONFIG_UUID=abfa5f5a-1391-4555-93bf-eba89f9d9e67, seleniumProtocol=WebDriver, browserName=chrome, maxInstances=1, platformName=LINUX, version=81.0.4044.138, applicationName=, platform=LINUX}' />
</p></div><div type='config' class='content_detail'><p>browserTimeout: 0</p><p>debug: false</p><p>jettyMaxThreads: -1</p><p>host: 172.18.0.7</p><p>port: 5555</p><p>role: node</p><p>timeout: 1800</p><p>cleanUpCycle: 5000</p><p>maxSession: 1</p><p>capabilities: Capabilities {applicationName: , browserName: chrome, maxInstances: 1, platform: LINUX, platformName: LINUX, seleniumProtocol: WebDriver, server:CONFIG_UUID: abfa5f5a-1391-4555-93bf-eba..., version: 81.0.4044.138}</p><p>downPollingLimit: 2</p><p>hub: http://selenium-hub:4444/grid/register</p><p>id: http://172.18.0.7:5555</p><p>nodePolling: 5000</p><p>nodeStatusCheckTimeout: 5000</p><p>proxy: org.openqa.grid.selenium.proxy.DefaultRemoteProxy</p><p>register: true</p><p>registerCycle: 5000</p><p>remoteHost: http://172.18.0.7:5555</p><p>unregisterIfStillDownAfter: 60000</p></div></div></div></div><div class='clearfix'></div><div><ul></ul></div><div id='hub-config-container'><div id='hub-config-content'><b>Config for the hub :</b><br/><abbr title='browserTimeout'>browserTimeout : </abbr>0</br><abbr title='debug'>debug : </abbr>false</br><abbr title='jettyMaxThreads'>jettyMaxThreads : </abbr>-1</br><abbr title='host'>host : </abbr>172.18.0.2</br><abbr title='port'>port : </abbr>4444</br><abbr title='role'>role : </abbr>hub</br><abbr title='timeout'>timeout : </abbr>1800</br><abbr title='cleanUpCycle'>cleanUpCycle : </abbr>5000</br><abbr title='capabilityMatcher'>capabilityMatcher : </abbr>org.openqa.grid.internal.utils.DefaultCapabilityMatcher</br><abbr title='newSessionWaitTimeout'>newSessionWaitTimeout : </abbr>-1</br><abbr title='throwOnCapabilityNotPresent'>throwOnCapabilityNotPresent : </abbr>true</br><abbr title='registry'>registry : </abbr>org.openqa.grid.internal.DefaultGridRegistry</br><div id='verbose-config-container'><a id='verbose-config-view-toggle' href='#'>View Verbose</a><div id='verbose-config-content'><br/><b>The final configuration comes from:</b><br/><b>the default :</b><br/><abbr title='browserTimeout'>browserTimeout : </abbr>0</br><abbr title='debug'>debug : </abbr>false</br><abbr title='host'>host : </abbr>0.0.0.0</br><abbr title='port'>port : </abbr>4444</br><abbr title='role'>role : </abbr>hub</br><abbr title='timeout'>timeout : </abbr>1800</br><abbr title='cleanUpCycle'>cleanUpCycle : </abbr>5000</br><abbr title='capabilityMatcher'>capabilityMatcher : </abbr>org.openqa.grid.internal.utils.DefaultCapabilityMatcher</br><abbr title='newSessionWaitTimeout'>newSessionWaitTimeout : </abbr>-1</br><abbr title='throwOnCapabilityNotPresent'>throwOnCapabilityNotPresent : </abbr>true</br><abbr title='registry'>registry : </abbr>org.openqa.grid.internal.DefaultGridRegistry</br><b>updated with command line options:</b><br/>-role hub -hubConfig /opt/selenium/config.json<br/><b>and configuration loaded from /opt/selenium/config.json:</b><br/>{<br/>  "host": "0.0.0.0",<br/>  "port": 4444,<br/>  "role": "hub",<br/>  "maxSession": 5,<br/>  "newSessionWaitTimeout": -1,<br/>  "capabilityMatcher": "org.openqa.grid.internal.utils.DefaultCapabilityMatcher",<br/>  "throwOnCapabilityNotPresent": true,<br/>  "jettyMaxThreads": -1,<br/>  "cleanUpCycle": 5000,<br/>  "browserTimeout": 0,<br/>  "timeout": 1800,<br/>  "debug": false<br/>}</div></div></div><a id='config-view-toggle' href='#'>View Config</a></div></div></body></html>
at org.openqa.selenium.remote.ProtocolHandshake.createSession(ProtocolHandshake.java:115)
at org.openqa.selenium.remote.ProtocolHandshake.createSession(ProtocolHandshake.java:74)
at org.openqa.selenium.remote.HttpCommandExecutor.execute(HttpCommandExecutor.java:136)
at org.openqa.selenium.remote.RemoteWebDriver.execute(RemoteWebDriver.java:552)
at org.openqa.selenium.remote.RemoteWebDriver.startSession(RemoteWebDriver.java:213)
at org.openqa.selenium.remote.RemoteWebDriver.<init>(RemoteWebDriver.java:131)
at org.openqa.selenium.remote.RemoteWebDriver.<init>(RemoteWebDriver.java:144)
at Docker_selenium.Grid_docker.test1(Grid_docker.java:18)
at java.base/jdk.internal.reflect.NativeMethodAccessorImpl.invoke0(Native Method)
at java.base/jdk.internal.reflect.NativeMethodAccessorImpl.invoke(NativeMethodAccessorImpl.java:62)
at java.base/jdk.internal.reflect.DelegatingMethodAccessorImpl.invoke(DelegatingMethodAccessorImpl.java:43)
at java.base/java.lang.reflect.Method.invoke(Method.java:567)
at org.testng.internal.MethodInvocationHelper.invokeMethod(MethodInvocationHelper.java:124)
at org.testng.internal.Invoker.invokeMethod(Invoker.java:583)
at org.testng.internal.Invoker.invokeTestMethod(Invoker.java:719)
at org.testng.internal.Invoker.invokeTestMethods(Invoker.java:989)
at org.testng.internal.TestMethodWorker.invokeTestMethods(TestMethodWorker.java:125)
at org.testng.internal.TestMethodWorker.run(TestMethodWorker.java:109)
at org.testng.TestRunner.privateRun(TestRunner.java:648)
at org.testng.TestRunner.run(TestRunner.java:505)
at org.testng.SuiteRunner.runTest(SuiteRunner.java:455)
at org.testng.SuiteRunner.runSequentially(SuiteRunner.java:450)
at org.testng.SuiteRunner.privateRun(SuiteRunner.java:415)
at org.testng.SuiteRunner.run(SuiteRunner.java:364)
at org.testng.SuiteRunnerWorker.runSuite(SuiteRunnerWorker.java:52)
at org.testng.SuiteRunnerWorker.run(SuiteRunnerWorker.java:84)
at org.testng.TestNG.runSuitesSequentially(TestNG.java:1208)
at org.testng.TestNG.runSuitesLocally(TestNG.java:1137)
at org.testng.TestNG.runSuites(TestNG.java:1049)
at org.testng.TestNG.run(TestNG.java:1017)
at org.testng.remote.AbstractRemoteTestNG.run(AbstractRemoteTestNG.java:115)
at org.testng.remote.RemoteTestNG.initAndRun(RemoteTestNG.java:251)
at org.testng.remote.RemoteTestNG.main(RemoteTestNG.java:77)
Caused by: org.openqa.selenium.json.JsonException: Unable to determine type from: <. Last 1 characters read: <
Build info: version: '3.141.59', revision: 'e82be7d358', time: '2018-11-14T08:17:03'
System info: host: 'Administrators-Mac-mini.local', ip: 'fe80:0:0:0:42a:cb7b:9415:a9e4%en0', os.name: 'Mac OS X', os.arch: 'x86_64', os.version: '10.14.6', java.version: '13'
Driver info: driver.version: RemoteWebDriver
at org.openqa.selenium.json.JsonInput.peek(JsonInput.java:122)
at org.openqa.selenium.json.JsonTypeCoercer.lambda$null$6(JsonTypeCoercer.java:140)
at org.openqa.selenium.json.JsonTypeCoercer.coerce(JsonTypeCoercer.java:126)
at org.openqa.selenium.json.Json.toType(Json.java:69)
at org.openqa.selenium.json.Json.toType(Json.java:55)
at org.openqa.selenium.json.Json.toType(Json.java:50)
at org.openqa.selenium.remote.ProtocolHandshake.createSession(ProtocolHandshake.java:112)
... 32 more
]]>
    </error>
  </testcase> <!-- test1 -->
</testsuite> <!-- Docker_selenium.Grid_docker -->
