<?xml version="1.0" encoding="UTF-8"?>
<!-- Generated by org.testng.reporters.JUnitReportReporter -->
<testsuite hostname="Administrators-Mac-mini.local" failures="0" tests="2" name="docker.Grid_docker2" time="38.177" errors="0" timestamp="25 May 2020 18:32:57 GMT" skipped="0">
  <testcase classname="docker.Grid_docker2" name="test11" time="16.531"/>
  <testcase classname="docker.Grid_docker2" name="test2" time="21.646"/>
</testsuite> <!-- docker.Grid_docker2 -->
