<?xml version="1.0" encoding="UTF-8"?>
<!-- Generated by org.testng.reporters.JUnitReportReporter -->
<testsuite hostname="Administrators-Mac-mini.local" failures="0" tests="2" name="docker.Grid_docker" time="36.210" errors="0" timestamp="25 May 2020 18:32:57 GMT" skipped="0">
  <testcase classname="docker.Grid_docker" name="test11" time="13.462"/>
  <testcase classname="docker.Grid_docker" name="test1" time="22.748"/>
</testsuite> <!-- docker.Grid_docker -->
