<?xml version="1.0" encoding="UTF-8"?>
<!-- Generated by org.testng.reporters.JUnitReportReporter -->
<testsuite hostname="Administrators-Mac-mini.local" failures="0" tests="2" name="docker.Grid_docker" time="37.937" errors="0" timestamp="25 May 2020 19:34:09 GMT" skipped="0">
  <testcase classname="docker.Grid_docker" name="test1" time="19.415"/>
  <testcase classname="docker.Grid_docker" name="test11" time="18.522"/>
</testsuite> <!-- docker.Grid_docker -->
