<?xml version="1.0" encoding="UTF-8"?>
<!-- Generated by org.testng.reporters.JUnitReportReporter -->
<testsuite hostname="Administrators-Mac-mini.local" failures="0" tests="1" name="docker.Test1" time="14.175" errors="0" timestamp="25 May 2020 19:34:09 GMT" skipped="0">
  <testcase classname="docker.Test1" name="test11" time="14.175"/>
</testsuite> <!-- docker.Test1 -->
