<?xml version="1.0" encoding="UTF-8"?>
<!-- Generated by org.testng.reporters.JUnitReportReporter -->
<testsuite hostname="Administrators-Mac-mini.local" failures="0" tests="2" name="docker.Grid_docker3" time="37.256" errors="0" timestamp="25 May 2020 19:34:09 GMT" skipped="0">
  <testcase classname="docker.Grid_docker3" name="test3" time="19.409"/>
  <testcase classname="docker.Grid_docker3" name="test11" time="17.847"/>
</testsuite> <!-- docker.Grid_docker3 -->
